Added Component: Designator=R2_LED0(RESC1608n)
Added Component: Designator=R2_LED1(RESC1608n)
Added Member To Class: ClassName=PIC Member=Component C1 100nF
Added Member To Class: ClassName=PIC Member=Component C2 100nF
Added Member To Class: ClassName=PIC Member=Component C3 100nF
Added Member To Class: ClassName=PIC Member=Component C4 100nF
Added Member To Class: ClassName=PIC Member=Component C5 100nF
Added Member To Class: ClassName=PIC Member=Component C6 100nF
Added Member To Class: ClassName=PIC Member=Component C7 20pF
Added Member To Class: ClassName=PIC Member=Component C8 20pF
Added Member To Class: ClassName=PIC Member=Component C9 10uF
Added Member To Class: ClassName=PIC Member=Component C10 1uF
Added Member To Class: ClassName=POWER Member=Component C11 
Added Member To Class: ClassName=POWER Member=Component C12 10uF
Added Member To Class: ClassName=POWER Member=Component C13 Cap
Added Member To Class: ClassName=POWER Member=Component C14 Cap
Added Member To Class: ClassName=POWER Member=Component C15 Cap
Added Member To Class: ClassName=LED0 Member=Component D1_LED0 (D1) Green LED
Added Member To Class: ClassName=LED1 Member=Component D1_LED1 (D1) Green LED
Added Member To Class: ClassName=LED2 Member=Component D1_LED2 (D1) Green LED
Added Member To Class: ClassName=LED3 Member=Component D1_LED3 (D1) Green LED
Added Member To Class: ClassName=POWER Member=Component D2 Diode
Added Member To Class: ClassName=POWER Member=Component D3 Diode
Added Member To Class: ClassName=POWER Member=Component D4 Green LED
Added Member To Class: ClassName=POWER Member=Component FB1 Inductor
Added Member To Class: ClassName=PIC Member=Component J1 Program / Debug
Added Member To Class: ClassName=POWER Member=Component P1 12V
Added Member To Class: ClassName=POWER Member=Component P2 12V Battery
Added Member To Class: ClassName=LED0 Member=Component R2_LED0 (R2) 330r
Added Member To Class: ClassName=LED1 Member=Component R2_LED1 (R2) 330r
Added Member To Class: ClassName=LED2 Member=Component R2_LED2 (R2) 330r
Added Member To Class: ClassName=LED3 Member=Component R2_LED3 (R2) 330r
Added Member To Class: ClassName=PIC Member=Component R3 4.7k
Added Member To Class: ClassName=POWER Member=Component R4 470r
Added Member To Class: ClassName=PIC Member=Component U1 PIC32MX764F128H-I/PT
Added Member To Class: ClassName=POWER Member=Component U2 AP1117
Added Member To Class: ClassName=PIC Member=Component Y1 8MHz
