Change Component Footprint: Designator=C1 Old Footprint=CAPC1608N New Footprint=RAD-0.3
Change Component Footprint: Designator=C2 Old Footprint=CAPC1608N New Footprint=RAD-0.3
Change Component Footprint: Designator=C3 Old Footprint=CAPC1608N New Footprint=RAD-0.3
Change Component Footprint: Designator=C4 Old Footprint=CAPC1608N New Footprint=RAD-0.3
Change Component Footprint: Designator=C5 Old Footprint=CAPC1608N New Footprint=RAD-0.3
Change Component Footprint: Designator=C6 Old Footprint=CAPC1608N New Footprint=RAD-0.3
Change Component Footprint: Designator=C7 Old Footprint=CAPC1608N New Footprint=RAD-0.3
Change Component Footprint: Designator=C8 Old Footprint=CAPC1608N New Footprint=RAD-0.3
Change Component Footprint: Designator=C10 Old Footprint=CAPC1608N New Footprint=RAD-0.3
Change Component Footprint: Designator=C14 Old Footprint=CAPC1608N New Footprint=RAD-0.3
Change Component Footprint: Designator=C15 Old Footprint=CAPC1608N New Footprint=RAD-0.3
Change Component Footprint: Designator=C9 Old Footprint=CAPC2012N New Footprint=RAD-0.3
Change Component Footprint: Designator=C11 Old Footprint=CAPC2012N New Footprint=RAD-0.3
Change Component Footprint: Designator=C12 Old Footprint=CAPC2012N New Footprint=RAD-0.3
Change Component Footprint: Designator=C13 Old Footprint=CAPC2012N New Footprint=RAD-0.3
Change Component Footprint: Designator=FB1 Old Footprint=INDC1608AN New Footprint=0402-A
Change Component Footprint: Designator=D1 Old Footprint=LED 0805 New Footprint=LED-0
Change Component Footprint: Designator=D1 Old Footprint=LED 0805 New Footprint=LED-0
Change Component Footprint: Designator=D1 Old Footprint=LED 0805 New Footprint=LED-0
Change Component Footprint: Designator=D1 Old Footprint=LED 0805 New Footprint=LED-0
Change Component Footprint: Designator=D4 Old Footprint=LED 0805 New Footprint=LED-0
Change Component Footprint: Designator=P1 Old Footprint=PDB181-K415K-102A2 New Footprint=AXIAL-0.3
Change Component Footprint: Designator=P2 Old Footprint=PDB181-K415K-102A2 New Footprint=AXIAL-0.3
Change Component Footprint: Designator=R2 Old Footprint=RESC1608N New Footprint=AXIAL-0.3
Change Component Footprint: Designator=R2 Old Footprint=RESC1608N New Footprint=AXIAL-0.3
Change Component Footprint: Designator=R2 Old Footprint=RESC1608N New Footprint=AXIAL-0.3
Change Component Footprint: Designator=R2 Old Footprint=RESC1608N New Footprint=AXIAL-0.3
Change Component Footprint: Designator=R4 Old Footprint=RESC1608N New Footprint=R38
Change Component Footprint: Designator=J1 Old Footprint=RJ12_90 New Footprint=VR5
Change Component Footprint: Designator=D2 Old Footprint=SMA/DO-214AC_21 New Footprint=SMC
Change Component Footprint: Designator=D3 Old Footprint=SMA/DO-214AC_21 New Footprint=SMC
Change Physical Footprint: Designator=U2 Old Footprint=PCBComponent_1 New Footprint=PCBComponent_1
Change Physical Footprint: Designator=U2 Old Footprint=TD03B_N New Footprint=TD03B_N
Change Physical Footprint: Designator=Y1 Old Footprint=HC49/4H SMX CRYSTAL New Footprint=HC49/4H SMX CRYSTAL
