Added Pin To Net: NetName=V3P3 Pin=C1-2
Added Pin To Net: NetName=V3P3 Pin=C2-2
Added Pin To Net: NetName=V3P3 Pin=C3-2
Added Pin To Net: NetName=V3P3 Pin=C4-2
Added Pin To Net: NetName=V3P3 Pin=C5-2
Added Pin To Net: NetName=V3P3 Pin=C6-2
Added Pin To Net: NetName=GND Pin=C7-2
Added Pin To Net: NetName=GND Pin=C8-2
Added Pin To Net: NetName=NetC9_2 Pin=C10-2
Added Pin To Net: NetName=GND Pin=C11-1
Added Pin To Net: NetName=GND Pin=C12-1
Added Pin To Net: NetName=GND Pin=C13-1
Added Pin To Net: NetName=V3P3 Pin=C14-2
Added Pin To Net: NetName=V3P3A Pin=C15-2
Added Pin To Net: NetName=NetD1_LED0_1 Pin=D1_LED0-1
Added Pin To Net: NetName=GND Pin=D1_LED0-2
Added Pin To Net: NetName=NetD1_LED1_1 Pin=D1_LED1-1
Added Pin To Net: NetName=GND Pin=D1_LED1-2
Added Pin To Net: NetName=NetD1_LED2_1 Pin=D1_LED2-1
Added Pin To Net: NetName=GND Pin=D1_LED2-2
Added Pin To Net: NetName=NetD1_LED3_1 Pin=D1_LED3-1
Added Pin To Net: NetName=GND Pin=D1_LED3-2
Added Pin To Net: NetName=ALIM Pin=D2-1
Added Pin To Net: NetName=V5 Pin=D2-2
Added Pin To Net: NetName=BATTERY Pin=D3-1
Added Pin To Net: NetName=V5 Pin=D3-2
Added Pin To Net: NetName=NetD4_1 Pin=D4-1
Added Pin To Net: NetName=GND Pin=D4-2
Added Pin To Net: NetName=V3P3 Pin=FB1-1
Added Pin To Net: NetName=V3P3A Pin=FB1-2
Added Pin To Net: NetName=MCLR Pin=J1-1
Added Pin To Net: NetName=V3P3 Pin=J1-2
Added Pin To Net: NetName=GND Pin=J1-3
Added Pin To Net: NetName=GND Pin=R1-1
Added Pin To Net: NetName=V3P3A Pin=R1-2
Added Pin To Net: NetName=NetR1_3 Pin=R1-3
Added Pin To Net: NetName=NetD1_LED0_1 Pin=R2_LED0-1
Added Pin To Net: NetName=LED0 Pin=R2_LED0-2
Added Pin To Net: NetName=NetD1_LED1_1 Pin=R2_LED1-1
Added Pin To Net: NetName=LED1 Pin=R2_LED1-2
Added Pin To Net: NetName=NetD1_LED2_1 Pin=R2_LED2-1
Added Pin To Net: NetName=LED2 Pin=R2_LED2-2
Added Pin To Net: NetName=NetD1_LED3_1 Pin=R2_LED3-1
Added Pin To Net: NetName=LED3 Pin=R2_LED3-2
Added Pin To Net: NetName=MCLR Pin=R3-1
Added Pin To Net: NetName=V3P3 Pin=R3-2
Added Pin To Net: NetName=NetD4_1 Pin=R4-1
Added Pin To Net: NetName=V5 Pin=R4-2
